Heap:
 PSYoungGen      total 268800K, used 140385K [0x000000076b780000, 0x0000000780a80000, 0x00000007c0000000)
  eden space 245760K, 57% used [0x000000076b780000,0x0000000774098418,0x000000077a780000)
  from space 23040K, 0% used [0x000000077a780000,0x000000077a780000,0x000000077be00000)
  to   space 23040K, 0% used [0x000000077f400000,0x000000077f400000,0x0000000780a80000)
 ParOldGen       total 229888K, used 34127K [0x00000006c2600000, 0x00000006d0680000, 0x000000076b780000)
  object space 229888K, 14% used [0x00000006c2600000,0x00000006c4753c68,0x00000006d0680000)
 Metaspace       used 61130K, capacity 64287K, committed 64472K, reserved 1103872K
  class space    used 8597K, capacity 9146K, committed 9176K, reserved 1048576K
GC Heap History (10 events):
Event: 16.737 GC heap before
{Heap before GC invocations=12 (full 2):
 PSYoungGen      total 163328K, used 155399K [0x000000076b780000, 0x0000000779600000, 0x00000007c0000000)
  eden space 147968K, 100% used [0x000000076b780000,0x0000000774800000,0x0000000774800000)
  from space 15360K, 48% used [0x0000000774800000,0x0000000774f41f50,0x0000000775700000)
  to   space 15360K, 0% used [0x0000000778700000,0x0000000778700000,0x0000000779600000)
 ParOldGen       total 165888K, used 21577K [0x00000006c2600000, 0x00000006cc800000, 0x000000076b780000)
  object space 165888K, 13% used [0x00000006c2600000,0x00000006c3b127b0,0x00000006cc800000)
 Metaspace       used 41319K, capacity 43218K, committed 43520K, reserved 1087488K
  class space    used 5713K, capacity 6088K, committed 6144K, reserved 1048576K
Event: 16.754 GC heap after
Heap after GC invocations=12 (full 2):
 PSYoungGen      total 206336K, used 12835K [0x000000076b780000, 0x0000000779400000, 0x00000007c0000000)
  eden space 193024K, 0% used [0x000000076b780000,0x000000076b780000,0x0000000777400000)
  from space 13312K, 96% used [0x0000000778700000,0x0000000779388d88,0x0000000779400000)
  to   space 15872K, 0% used [0x0000000777500000,0x0000000777500000,0x0000000778480000)
 ParOldGen       total 165888K, used 21585K [0x00000006c2600000, 0x00000006cc800000, 0x000000076b780000)
  object space 165888K, 13% used [0x00000006c2600000,0x00000006c3b147b0,0x00000006cc800000)
 Metaspace       used 41319K, capacity 43218K, committed 43520K, reserved 1087488K
  class space    used 5713K, capacity 6088K, committed 6144K, reserved 1048576K
}
Event: 18.392 GC heap before
{Heap before GC invocations=13 (full 2):
 PSYoungGen      total 206336K, used 205859K [0x000000076b780000, 0x0000000779400000, 0x00000007c0000000)
  eden space 193024K, 100% used [0x000000076b780000,0x0000000777400000,0x0000000777400000)
  from space 13312K, 96% used [0x0000000778700000,0x0000000779388d88,0x0000000779400000)
  to   space 15872K, 0% used [0x0000000777500000,0x0000000777500000,0x0000000778480000)
 ParOldGen       total 165888K, used 21585K [0x00000006c2600000, 0x00000006cc800000, 0x000000076b780000)
  object space 165888K, 13% used [0x00000006c2600000,0x00000006c3b147b0,0x00000006cc800000)
 Metaspace       used 46668K, capacity 48810K, committed 49024K, reserved 1091584K
  class space    used 6504K, capacity 6914K, committed 7040K, reserved 1048576K
Event: 18.410 GC heap after
Heap after GC invocations=13 (full 2):
 PSYoungGen      total 209920K, used 15849K [0x000000076b780000, 0x000000077d000000, 0x00000007c0000000)
  eden space 194048K, 0% used [0x000000076b780000,0x000000076b780000,0x0000000777500000)
  from space 15872K, 99% used [0x0000000777500000,0x000000077847a420,0x0000000778480000)
  to   space 18432K, 0% used [0x000000077be00000,0x000000077be00000,0x000000077d000000)
 ParOldGen       total 165888K, used 24437K [0x00000006c2600000, 0x00000006cc800000, 0x000000076b780000)
  object space 165888K, 14% used [0x00000006c2600000,0x00000006c3ddd608,0x00000006cc800000)
 Metaspace       used 46668K, capacity 48810K, committed 49024K, reserved 1091584K
  class space    used 6504K, capacity 6914K, committed 7040K, reserved 1048576K
}
Event: 25.279 GC heap before
{Heap before GC invocations=14 (full 2):
 PSYoungGen      total 209920K, used 209897K [0x000000076b780000, 0x000000077d000000, 0x00000007c0000000)
  eden space 194048K, 100% used [0x000000076b780000,0x0000000777500000,0x0000000777500000)
  from space 15872K, 99% used [0x0000000777500000,0x000000077847a420,0x0000000778480000)
  to   space 18432K, 0% used [0x000000077be00000,0x000000077be00000,0x000000077d000000)
 ParOldGen       total 165888K, used 24437K [0x00000006c2600000, 0x00000006cc800000, 0x000000076b780000)
  object space 165888K, 14% used [0x00000006c2600000,0x00000006c3ddd608,0x00000006cc800000)
 Metaspace       used 52756K, capacity 55272K, committed 55424K, reserved 1097728K
  class space    used 7327K, capacity 7791K, committed 7808K, reserved 1048576K
Event: 25.302 GC heap after
Heap after GC invocations=14 (full 2):
 PSYoungGen      total 264192K, used 18418K [0x000000076b780000, 0x000000077d480000, 0x00000007c0000000)
  eden space 245760K, 0% used [0x000000076b780000,0x000000076b780000,0x000000077a780000)
  from space 18432K, 99% used [0x000000077be00000,0x000000077cffcb48,0x000000077d000000)
  to   space 23040K, 0% used [0x000000077a780000,0x000000077a780000,0x000000077be00000)
 ParOldGen       total 165888K, used 30442K [0x00000006c2600000, 0x00000006cc800000, 0x000000076b780000)
  object space 165888K, 18% used [0x00000006c2600000,0x00000006c43ba990,0x00000006cc800000)
 Metaspace       used 52756K, capacity 55272K, committed 55424K, reserved 1097728K
  class space    used 7327K, capacity 7791K, committed 7808K, reserved 1048576K
}
Event: 218.492 GC heap before
{Heap before GC invocations=15 (full 2):
 PSYoungGen      total 264192K, used 107295K [0x000000076b780000, 0x000000077d480000, 0x00000007c0000000)
  eden space 245760K, 36% used [0x000000076b780000,0x0000000770e4b4b0,0x000000077a780000)
  from space 18432K, 99% used [0x000000077be00000,0x000000077cffcb48,0x000000077d000000)
  to   space 23040K, 0% used [0x000000077a780000,0x000000077a780000,0x000000077be00000)
 ParOldGen       total 165888K, used 30442K [0x00000006c2600000, 0x00000006cc800000, 0x000000076b780000)
  object space 165888K, 18% used [0x00000006c2600000,0x00000006c43ba990,0x00000006cc800000)
 Metaspace       used 56193K, capacity 59022K, committed 59096K, reserved 1099776K
  class space    used 7844K, capacity 8349K, committed 8408K, reserved 1048576K
Event: 218.540 GC heap after
Heap after GC invocations=15 (full 2):
 PSYoungGen      total 268800K, used 4018K [0x000000076b780000, 0x0000000780a80000, 0x00000007c0000000)
  eden space 245760K, 0% used [0x000000076b780000,0x000000076b780000,0x000000077a780000)
  from space 23040K, 17% used [0x000000077a780000,0x000000077ab6c818,0x000000077be00000)
  to   space 23040K, 0% used [0x000000077f400000,0x000000077f400000,0x0000000780a80000)
 ParOldGen       total 165888K, used 41517K [0x00000006c2600000, 0x00000006cc800000, 0x000000076b780000)
  object space 165888K, 25% used [0x00000006c2600000,0x00000006c4e8b520,0x00000006cc800000)
 Metaspace       used 56193K, capacity 59022K, committed 59096K, reserved 1099776K
  class space    used 7844K, capacity 8349K, committed 8408K, reserved 1048576K
}
Event: 218.540 GC heap before
{Heap before GC invocations=16 (full 3):
 PSYoungGen      total 268800K, used 4018K [0x000000076b780000, 0x0000000780a80000, 0x00000007c0000000)
  eden space 245760K, 0% used [0x000000076b780000,0x000000076b780000,0x000000077a780000)
  from space 23040K, 17% used [0x000000077a780000,0x000000077ab6c818,0x000000077be00000)
  to   space 23040K, 0% used [0x000000077f400000,0x000000077f400000,0x0000000780a80000)
 ParOldGen       total 165888K, used 41517K [0x00000006c2600000, 0x00000006cc800000, 0x000000076b780000)
  object space 165888K, 25% used [0x00000006c2600000,0x00000006c4e8b520,0x00000006cc800000)
 Metaspace       used 56193K, capacity 59022K, committed 59096K, reserved 1099776K
  class space    used 7844K, capacity 8349K, committed 8408K, reserved 1048576K
Event: 218.790 GC heap after
Heap after GC invocations=16 (full 3):
 PSYoungGen      total 268800K, used 0K [0x000000076b780000, 0x0000000780a80000, 0x00000007c0000000)
  eden space 245760K, 0% used [0x000000076b780000,0x000000076b780000,0x000000077a780000)
  from space 23040K, 0% used [0x000000077a780000,0x000000077a780000,0x000000077be00000)
  to   space 23040K, 0% used [0x000000077f400000,0x000000077f400000,0x0000000780a80000)
 ParOldGen       total 229888K, used 34127K [0x00000006c2600000, 0x00000006d0680000, 0x000000076b780000)
  object space 229888K, 14% used [0x00000006c2600000,0x00000006c4753c68,0x00000006d0680000)
 Metaspace       used 56193K, capacity 59022K, committed 59096K, reserved 1099776K
  class space    used 7844K, capacity 8349K, committed 8408K, reserved 1048576K
}

