# JRE version: Java(TM) SE Runtime Environment (8.0_131-b11) (build 1.8.0_131-b11)
# Java VM: Java HotSpot(TM) 64-Bit Server VM (25.131-b11 mixed mode windows-amd64 compressed oops)
Heap:
 PSYoungGen      total 215040K, used 11393K [0x000000076b780000, 0x0000000779a00000, 0x00000007c0000000)
  eden space 198656K, 5% used [0x000000076b780000,0x000000076c2a0478,0x0000000777980000)
  from space 16384K, 0% used [0x0000000777980000,0x0000000777980000,0x0000000778980000)
  to   space 16896K, 0% used [0x0000000778980000,0x0000000778980000,0x0000000779a00000)
 ParOldGen       total 169984K, used 31910K [0x00000006c2600000, 0x00000006ccc00000, 0x000000076b780000)
  object space 169984K, 18% used [0x00000006c2600000,0x00000006c45298f0,0x00000006ccc00000)
 Metaspace       used 46451K, capacity 48776K, committed 49024K, reserved 1093632K
  class space    used 6259K, capacity 6698K, committed 6784K, reserved 1048576K
GC Heap History (10 events):
Event: 18.113 GC heap before
{Heap before GC invocations=8 (full 1):
 PSYoungGen      total 139776K, used 49089K [0x000000076b780000, 0x0000000775300000, 0x00000007c0000000)
  eden space 127488K, 28% used [0x000000076b780000,0x000000076db76bf8,0x0000000773400000)
  from space 12288K, 99% used [0x0000000774280000,0x0000000774e79ac8,0x0000000774e80000)
  to   space 14848K, 0% used [0x0000000773400000,0x0000000773400000,0x0000000774280000)
 ParOldGen       total 115200K, used 12081K [0x00000006c2600000, 0x00000006c9680000, 0x000000076b780000)
  object space 115200K, 10% used [0x00000006c2600000,0x00000006c31cc580,0x00000006c9680000)
 Metaspace       used 34346K, capacity 35476K, committed 35496K, reserved 1079296K
  class space    used 4590K, capacity 4861K, committed 4864K, reserved 1048576K
Event: 18.132 GC heap after
Heap after GC invocations=8 (full 1):
 PSYoungGen      total 142336K, used 14178K [0x000000076b780000, 0x0000000779a00000, 0x00000007c0000000)
  eden space 127488K, 0% used [0x000000076b780000,0x000000076b780000,0x0000000773400000)
  from space 14848K, 95% used [0x0000000773400000,0x00000007741d8bb8,0x0000000774280000)
  to   space 16896K, 0% used [0x0000000778980000,0x0000000778980000,0x0000000779a00000)
 ParOldGen       total 115200K, used 12089K [0x00000006c2600000, 0x00000006c9680000, 0x000000076b780000)
  object space 115200K, 10% used [0x00000006c2600000,0x00000006c31ce580,0x00000006c9680000)
 Metaspace       used 34346K, capacity 35476K, committed 35496K, reserved 1079296K
  class space    used 4590K, capacity 4861K, committed 4864K, reserved 1048576K
}
Event: 18.132 GC heap before
{Heap before GC invocations=9 (full 2):
 PSYoungGen      total 142336K, used 14178K [0x000000076b780000, 0x0000000779a00000, 0x00000007c0000000)
  eden space 127488K, 0% used [0x000000076b780000,0x000000076b780000,0x0000000773400000)
  from space 14848K, 95% used [0x0000000773400000,0x00000007741d8bb8,0x0000000774280000)
  to   space 16896K, 0% used [0x0000000778980000,0x0000000778980000,0x0000000779a00000)
 ParOldGen       total 115200K, used 12089K [0x00000006c2600000, 0x00000006c9680000, 0x000000076b780000)
  object space 115200K, 10% used [0x00000006c2600000,0x00000006c31ce580,0x00000006c9680000)
 Metaspace       used 34346K, capacity 35476K, committed 35496K, reserved 1079296K
  class space    used 4590K, capacity 4861K, committed 4864K, reserved 1048576K
Event: 18.243 GC heap after
Heap after GC invocations=9 (full 2):
 PSYoungGen      total 142336K, used 0K [0x000000076b780000, 0x0000000779a00000, 0x00000007c0000000)
  eden space 127488K, 0% used [0x000000076b780000,0x000000076b780000,0x0000000773400000)
  from space 14848K, 0% used [0x0000000773400000,0x0000000773400000,0x0000000774280000)
  to   space 16896K, 0% used [0x0000000778980000,0x0000000778980000,0x0000000779a00000)
 ParOldGen       total 169984K, used 19840K [0x00000006c2600000, 0x00000006ccc00000, 0x000000076b780000)
  object space 169984K, 11% used [0x00000006c2600000,0x00000006c3960088,0x00000006ccc00000)
 Metaspace       used 34346K, capacity 35476K, committed 35496K, reserved 1079296K
  class space    used 4590K, capacity 4861K, committed 4864K, reserved 1048576K
}
Event: 19.987 GC heap before
{Heap before GC invocations=10 (full 2):
 PSYoungGen      total 142336K, used 127488K [0x000000076b780000, 0x0000000779a00000, 0x00000007c0000000)
  eden space 127488K, 100% used [0x000000076b780000,0x0000000773400000,0x0000000773400000)
  from space 14848K, 0% used [0x0000000773400000,0x0000000773400000,0x0000000774280000)
  to   space 16896K, 0% used [0x0000000778980000,0x0000000778980000,0x0000000779a00000)
 ParOldGen       total 169984K, used 19840K [0x00000006c2600000, 0x00000006ccc00000, 0x000000076b780000)
  object space 169984K, 11% used [0x00000006c2600000,0x00000006c3960088,0x00000006ccc00000)
 Metaspace       used 38381K, capacity 40118K, committed 40320K, reserved 1083392K
  class space    used 5134K, capacity 5482K, committed 5504K, reserved 1048576K
Event: 20.003 GC heap after
Heap after GC invocations=10 (full 2):
 PSYoungGen      total 215552K, used 6631K [0x000000076b780000, 0x0000000779a00000, 0x00000007c0000000)
  eden space 198656K, 0% used [0x000000076b780000,0x000000076b780000,0x0000000777980000)
  from space 16896K, 39% used [0x0000000778980000,0x0000000778ff9f58,0x0000000779a00000)
  to   space 16384K, 0% used [0x0000000777980000,0x0000000777980000,0x0000000778980000)
 ParOldGen       total 169984K, used 19848K [0x00000006c2600000, 0x00000006ccc00000, 0x000000076b780000)
  object space 169984K, 11% used [0x00000006c2600000,0x00000006c3962088,0x00000006ccc00000)
 Metaspace       used 38381K, capacity 40118K, committed 40320K, reserved 1083392K
  class space    used 5134K, capacity 5482K, committed 5504K, reserved 1048576K
}
Event: 27.562 GC heap before
{Heap before GC invocations=11 (full 2):
 PSYoungGen      total 215552K, used 199843K [0x000000076b780000, 0x0000000779a00000, 0x00000007c0000000)
  eden space 198656K, 97% used [0x000000076b780000,0x000000077742f080,0x0000000777980000)
  from space 16896K, 39% used [0x0000000778980000,0x0000000778ff9f58,0x0000000779a00000)
  to   space 16384K, 0% used [0x0000000777980000,0x0000000777980000,0x0000000778980000)
 ParOldGen       total 169984K, used 19848K [0x00000006c2600000, 0x00000006ccc00000, 0x000000076b780000)
  object space 169984K, 11% used [0x00000006c2600000,0x00000006c3962088,0x00000006ccc00000)
 Metaspace       used 45956K, capacity 48274K, committed 48384K, reserved 1095680K
  class space    used 6192K, capacity 6625K, committed 6656K, reserved 1048576K
Event: 27.587 GC heap after
Heap after GC invocations=11 (full 2):
 PSYoungGen      total 215040K, used 16080K [0x000000076b780000, 0x0000000779a00000, 0x00000007c0000000)
  eden space 198656K, 0% used [0x000000076b780000,0x000000076b780000,0x0000000777980000)
  from space 16384K, 98% used [0x0000000777980000,0x0000000778934220,0x0000000778980000)
  to   space 16896K, 0% used [0x0000000778980000,0x0000000778980000,0x0000000779a00000)
 ParOldGen       total 169984K, used 19856K [0x00000006c2600000, 0x00000006ccc00000, 0x000000076b780000)
  object space 169984K, 11% used [0x00000006c2600000,0x00000006c3964088,0x00000006ccc00000)
 Metaspace       used 45956K, capacity 48274K, committed 48384K, reserved 1095680K
  class space    used 6192K, capacity 6625K, committed 6656K, reserved 1048576K
}
Event: 27.587 GC heap before
{Heap before GC invocations=12 (full 3):
 PSYoungGen      total 215040K, used 16080K [0x000000076b780000, 0x0000000779a00000, 0x00000007c0000000)
  eden space 198656K, 0% used [0x000000076b780000,0x000000076b780000,0x0000000777980000)
  from space 16384K, 98% used [0x0000000777980000,0x0000000778934220,0x0000000778980000)
  to   space 16896K, 0% used [0x0000000778980000,0x0000000778980000,0x0000000779a00000)
 ParOldGen       total 169984K, used 19856K [0x00000006c2600000, 0x00000006ccc00000, 0x000000076b780000)
  object space 169984K, 11% used [0x00000006c2600000,0x00000006c3964088,0x00000006ccc00000)
 Metaspace       used 45956K, capacity 48274K, committed 48384K, reserved 1095680K
  class space    used 6192K, capacity 6625K, committed 6656K, reserved 1048576K
Event: 27.821 GC heap after
Heap after GC invocations=12 (full 3):
 PSYoungGen      total 215040K, used 0K [0x000000076b780000, 0x0000000779a00000, 0x00000007c0000000)
  eden space 198656K, 0% used [0x000000076b780000,0x000000076b780000,0x0000000777980000)
  from space 16384K, 0% used [0x0000000777980000,0x0000000777980000,0x0000000778980000)
  to   space 16896K, 0% used [0x0000000778980000,0x0000000778980000,0x0000000779a00000)
 ParOldGen       total 169984K, used 31910K [0x00000006c2600000, 0x00000006ccc00000, 0x000000076b780000)
  object space 169984K, 18% used [0x00000006c2600000,0x00000006c45298f0,0x00000006ccc00000)
 Metaspace       used 45956K, capacity 48274K, committed 48384K, reserved 1093632K
  class space    used 6192K, capacity 6625K, committed 6656K, reserved 1048576K
}

