# JRE version: Java(TM) SE Runtime Environment (8.0_131-b11) (build 1.8.0_131-b11)
# Java VM: Java HotSpot(TM) 64-Bit Server VM (25.131-b11 mixed mode windows-amd64 compressed oops)
Heap:
 PSYoungGen      total 199168K, used 41000K [0x000000076b780000, 0x0000000778800000, 0x00000007c0000000)
  eden space 185856K, 22% used [0x000000076b780000,0x000000076df8a240,0x0000000776d00000)
  from space 13312K, 0% used [0x0000000776e00000,0x0000000776e00000,0x0000000777b00000)
  to   space 11264K, 0% used [0x0000000777d00000,0x0000000777d00000,0x0000000778800000)
 ParOldGen       total 105984K, used 11325K [0x00000006c2600000, 0x00000006c8d80000, 0x000000076b780000)
  object space 105984K, 10% used [0x00000006c2600000,0x00000006c310f7a0,0x00000006c8d80000)
 Metaspace       used 34891K, capacity 36884K, committed 37416K, reserved 1095680K
  class space    used 4740K, capacity 5122K, committed 5248K, reserved 1048576K
GC Heap History (10 events):
Event: 11.603 GC heap before
{Heap before GC invocations=10 (full 3):
 PSYoungGen      total 199168K, used 1012K [0x000000076b780000, 0x0000000778800000, 0x00000007c0000000)
  eden space 185856K, 0% used [0x000000076b780000,0x000000076b780000,0x0000000776d00000)
  from space 13312K, 7% used [0x0000000776e00000,0x0000000776efd220,0x0000000777b00000)
  to   space 11264K, 0% used [0x0000000777d00000,0x0000000777d00000,0x0000000778800000)
 ParOldGen       total 105984K, used 18060K [0x00000006c2600000, 0x00000006c8d80000, 0x000000076b780000)
  object space 105984K, 17% used [0x00000006c2600000,0x00000006c37a3128,0x00000006c8d80000)
 Metaspace       used 33962K, capacity 36004K, committed 36136K, reserved 1091584K
  class space    used 4555K, capacity 4958K, committed 4992K, reserved 1048576K
Event: 11.802 GC heap after
Heap after GC invocations=10 (full 3):
 PSYoungGen      total 199168K, used 0K [0x000000076b780000, 0x0000000778800000, 0x00000007c0000000)
  eden space 185856K, 0% used [0x000000076b780000,0x000000076b780000,0x0000000776d00000)
  from space 13312K, 0% used [0x0000000776e00000,0x0000000776e00000,0x0000000777b00000)
  to   space 11264K, 0% used [0x0000000777d00000,0x0000000777d00000,0x0000000778800000)
 ParOldGen       total 105984K, used 13566K [0x00000006c2600000, 0x00000006c8d80000, 0x000000076b780000)
  object space 105984K, 12% used [0x00000006c2600000,0x00000006c333f880,0x00000006c8d80000)
 Metaspace       used 33962K, capacity 36004K, committed 36136K, reserved 1087488K
  class space    used 4555K, capacity 4958K, committed 4992K, reserved 1048576K
}
Event: 12.023 GC heap before
{Heap before GC invocations=11 (full 3):
 PSYoungGen      total 199168K, used 10982K [0x000000076b780000, 0x0000000778800000, 0x00000007c0000000)
  eden space 185856K, 5% used [0x000000076b780000,0x000000076c239938,0x0000000776d00000)
  from space 13312K, 0% used [0x0000000776e00000,0x0000000776e00000,0x0000000777b00000)
  to   space 11264K, 0% used [0x0000000777d00000,0x0000000777d00000,0x0000000778800000)
 ParOldGen       total 105984K, used 13566K [0x00000006c2600000, 0x00000006c8d80000, 0x000000076b780000)
  object space 105984K, 12% used [0x00000006c2600000,0x00000006c333f880,0x00000006c8d80000)
 Metaspace       used 34823K, capacity 36866K, committed 37032K, reserved 1095680K
  class space    used 4696K, capacity 5107K, committed 5120K, reserved 1048576K
Event: 12.026 GC heap after
Heap after GC invocations=11 (full 3):
 PSYoungGen      total 197120K, used 1153K [0x000000076b780000, 0x0000000778800000, 0x00000007c0000000)
  eden space 185856K, 0% used [0x000000076b780000,0x000000076b780000,0x0000000776d00000)
  from space 11264K, 10% used [0x0000000777d00000,0x0000000777e20418,0x0000000778800000)
  to   space 13312K, 0% used [0x0000000776e00000,0x0000000776e00000,0x0000000777b00000)
 ParOldGen       total 105984K, used 13574K [0x00000006c2600000, 0x00000006c8d80000, 0x000000076b780000)
  object space 105984K, 12% used [0x00000006c2600000,0x00000006c3341880,0x00000006c8d80000)
 Metaspace       used 34823K, capacity 36866K, committed 37032K, reserved 1095680K
  class space    used 4696K, capacity 5107K, committed 5120K, reserved 1048576K
}
Event: 12.026 GC heap before
{Heap before GC invocations=12 (full 4):
 PSYoungGen      total 197120K, used 1153K [0x000000076b780000, 0x0000000778800000, 0x00000007c0000000)
  eden space 185856K, 0% used [0x000000076b780000,0x000000076b780000,0x0000000776d00000)
  from space 11264K, 10% used [0x0000000777d00000,0x0000000777e20418,0x0000000778800000)
  to   space 13312K, 0% used [0x0000000776e00000,0x0000000776e00000,0x0000000777b00000)
 ParOldGen       total 105984K, used 13574K [0x00000006c2600000, 0x00000006c8d80000, 0x000000076b780000)
  object space 105984K, 12% used [0x00000006c2600000,0x00000006c3341880,0x00000006c8d80000)
 Metaspace       used 34823K, capacity 36866K, committed 37032K, reserved 1095680K
  class space    used 4696K, capacity 5107K, committed 5120K, reserved 1048576K
Event: 12.067 GC heap after
Heap after GC invocations=12 (full 4):
 PSYoungGen      total 197120K, used 0K [0x000000076b780000, 0x0000000778800000, 0x00000007c0000000)
  eden space 185856K, 0% used [0x000000076b780000,0x000000076b780000,0x0000000776d00000)
  from space 11264K, 0% used [0x0000000777d00000,0x0000000777d00000,0x0000000778800000)
  to   space 13312K, 0% used [0x0000000776e00000,0x0000000776e00000,0x0000000777b00000)
 ParOldGen       total 105984K, used 13949K [0x00000006c2600000, 0x00000006c8d80000, 0x000000076b780000)
  object space 105984K, 13% used [0x00000006c2600000,0x00000006c339f558,0x00000006c8d80000)
 Metaspace       used 34823K, capacity 36866K, committed 37032K, reserved 1091584K
  class space    used 4696K, capacity 5107K, committed 5120K, reserved 1048576K
}
Event: 12.067 GC heap before
{Heap before GC invocations=13 (full 4):
 PSYoungGen      total 197120K, used 0K [0x000000076b780000, 0x0000000778800000, 0x00000007c0000000)
  eden space 185856K, 0% used [0x000000076b780000,0x000000076b780000,0x0000000776d00000)
  from space 11264K, 0% used [0x0000000777d00000,0x0000000777d00000,0x0000000778800000)
  to   space 13312K, 0% used [0x0000000776e00000,0x0000000776e00000,0x0000000777b00000)
 ParOldGen       total 105984K, used 13949K [0x00000006c2600000, 0x00000006c8d80000, 0x000000076b780000)
  object space 105984K, 13% used [0x00000006c2600000,0x00000006c339f558,0x00000006c8d80000)
 Metaspace       used 34823K, capacity 36866K, committed 37032K, reserved 1095680K
  class space    used 4696K, capacity 5107K, committed 5120K, reserved 1048576K
Event: 12.069 GC heap after
Heap after GC invocations=13 (full 4):
 PSYoungGen      total 199168K, used 0K [0x000000076b780000, 0x0000000778800000, 0x00000007c0000000)
  eden space 185856K, 0% used [0x000000076b780000,0x000000076b780000,0x0000000776d00000)
  from space 13312K, 0% used [0x0000000776e00000,0x0000000776e00000,0x0000000777b00000)
  to   space 11264K, 0% used [0x0000000777d00000,0x0000000777d00000,0x0000000778800000)
 ParOldGen       total 105984K, used 13949K [0x00000006c2600000, 0x00000006c8d80000, 0x000000076b780000)
  object space 105984K, 13% used [0x00000006c2600000,0x00000006c339f558,0x00000006c8d80000)
 Metaspace       used 34823K, capacity 36866K, committed 37032K, reserved 1095680K
  class space    used 4696K, capacity 5107K, committed 5120K, reserved 1048576K
}
Event: 12.069 GC heap before
{Heap before GC invocations=14 (full 5):
 PSYoungGen      total 199168K, used 0K [0x000000076b780000, 0x0000000778800000, 0x00000007c0000000)
  eden space 185856K, 0% used [0x000000076b780000,0x000000076b780000,0x0000000776d00000)
  from space 13312K, 0% used [0x0000000776e00000,0x0000000776e00000,0x0000000777b00000)
  to   space 11264K, 0% used [0x0000000777d00000,0x0000000777d00000,0x0000000778800000)
 ParOldGen       total 105984K, used 13949K [0x00000006c2600000, 0x00000006c8d80000, 0x000000076b780000)
  object space 105984K, 13% used [0x00000006c2600000,0x00000006c339f558,0x00000006c8d80000)
 Metaspace       used 34823K, capacity 36866K, committed 37032K, reserved 1095680K
  class space    used 4696K, capacity 5107K, committed 5120K, reserved 1048576K
Event: 12.170 GC heap after
Heap after GC invocations=14 (full 5):
 PSYoungGen      total 199168K, used 0K [0x000000076b780000, 0x0000000778800000, 0x00000007c0000000)
  eden space 185856K, 0% used [0x000000076b780000,0x000000076b780000,0x0000000776d00000)
  from space 13312K, 0% used [0x0000000776e00000,0x0000000776e00000,0x0000000777b00000)
  to   space 11264K, 0% used [0x0000000777d00000,0x0000000777d00000,0x0000000778800000)
 ParOldGen       total 105984K, used 11325K [0x00000006c2600000, 0x00000006c8d80000, 0x000000076b780000)
  object space 105984K, 10% used [0x00000006c2600000,0x00000006c310f7a0,0x00000006c8d80000)
 Metaspace       used 34593K, capacity 36498K, committed 37032K, reserved 1091584K
  class space    used 4660K, capacity 5041K, committed 5120K, reserved 1048576K
}

